8 * 2 * 22 * 97 = 34144   -->solution=0
2 * 22 * 97 * 38 = 162184   -->solution=34144
22 * 97 * 38 * 15 = 1216380   -->solution=162184
97 * 38 * 15 * 0 = 0   -->solution=1216380
38 * 15 * 0 * 40 = 0   -->solution=1216380
15 * 0 * 40 * 0 = 0   -->solution=1216380
0 * 40 * 0 * 75 = 0   -->solution=1216380
40 * 0 * 75 * 4 = 0   -->solution=1216380
0 * 75 * 4 * 5 = 0   -->solution=1216380
75 * 4 * 5 * 7 = 10500   -->solution=1216380
4 * 5 * 7 * 78 = 10920   -->solution=1216380
5 * 7 * 78 * 52 = 141960   -->solution=1216380
7 * 78 * 52 * 12 = 340704   -->solution=1216380
78 * 52 * 12 * 50 = 2433600   -->solution=1216380
52 * 12 * 50 * 77 = 2402400   -->solution=2433600
12 * 50 * 77 * 91 = 4204200   -->solution=2433600
50 * 77 * 91 * 8 = 2802800   -->solution=4204200

49 * 49 * 99 * 40 = 9507960   -->solution=4204200
49 * 99 * 40 * 17 = 3298680   -->solution=9507960
99 * 40 * 17 * 81 = 5452920   -->solution=9507960
40 * 17 * 81 * 18 = 991440   -->solution=9507960
17 * 81 * 18 * 57 = 1412802   -->solution=9507960
81 * 18 * 57 * 60 = 4986360   -->solution=9507960
18 * 57 * 60 * 87 = 5355720   -->solution=9507960
57 * 60 * 87 * 17 = 5058180   -->solution=9507960
60 * 87 * 17 * 40 = 3549600   -->solution=9507960
87 * 17 * 40 * 98 = 5797680   -->solution=9507960
17 * 40 * 98 * 43 = 2865520   -->solution=9507960
40 * 98 * 43 * 69 = 11630640   -->solution=9507960
98 * 43 * 69 * 48 = 13956768   -->solution=11630640
43 * 69 * 48 * 4 = 569664   -->solution=13956768
69 * 48 * 4 * 56 = 741888   -->solution=13956768
48 * 4 * 56 * 62 = 666624   -->solution=13956768
4 * 56 * 62 * 0 = 0   -->solution=13956768

81 * 49 * 31 * 73 = 8981847   -->solution=13956768
49 * 31 * 73 * 55 = 6098785   -->solution=13956768
31 * 73 * 55 * 79 = 9832735   -->solution=13956768
73 * 55 * 79 * 14 = 4440590   -->solution=13956768
55 * 79 * 14 * 29 = 1764070   -->solution=13956768
79 * 14 * 29 * 93 = 2982882   -->solution=13956768
14 * 29 * 93 * 71 = 2680818   -->solution=13956768
29 * 93 * 71 * 40 = 7659480   -->solution=13956768
93 * 71 * 40 * 67 = 17696040   -->solution=13956768
71 * 40 * 67 * 53 = 10084840   -->solution=17696040
40 * 67 * 53 * 88 = 12499520   -->solution=17696040
67 * 53 * 88 * 30 = 9374640   -->solution=17696040
53 * 88 * 30 * 3 = 419760   -->solution=17696040
88 * 30 * 3 * 49 = 388080   -->solution=17696040
30 * 3 * 49 * 13 = 57330   -->solution=17696040
3 * 49 * 13 * 36 = 68796   -->solution=17696040
49 * 13 * 36 * 65 = 1490580   -->solution=17696040

52 * 70 * 95 * 23 = 7953400   -->solution=17696040
70 * 95 * 23 * 4 = 611800   -->solution=17696040
95 * 23 * 4 * 60 = 524400   -->solution=17696040
23 * 4 * 60 * 11 = 60720   -->solution=17696040
4 * 60 * 11 * 42 = 110880   -->solution=17696040
60 * 11 * 42 * 69 = 1912680   -->solution=17696040
11 * 42 * 69 * 24 = 765072   -->solution=17696040
42 * 69 * 24 * 68 = 4729536   -->solution=17696040
69 * 24 * 68 * 56 = 6306048   -->solution=17696040
24 * 68 * 56 * 1 = 91392   -->solution=17696040
68 * 56 * 1 * 32 = 121856   -->solution=17696040
56 * 1 * 32 * 56 = 100352   -->solution=17696040
1 * 32 * 56 * 71 = 127232   -->solution=17696040
32 * 56 * 71 * 37 = 4707584   -->solution=17696040
56 * 71 * 37 * 2 = 294224   -->solution=17696040
71 * 37 * 2 * 36 = 189144   -->solution=17696040
37 * 2 * 36 * 91 = 242424   -->solution=17696040

22 * 31 * 16 * 71 = 774752   -->solution=17696040
31 * 16 * 71 * 51 = 1796016   -->solution=17696040
16 * 71 * 51 * 67 = 3881712   -->solution=17696040
71 * 51 * 67 * 63 = 15284241   -->solution=17696040
51 * 67 * 63 * 89 = 19159119   -->solution=17696040
67 * 63 * 89 * 41 = 15402429   -->solution=19159119
63 * 89 * 41 * 92 = 21149604   -->solution=19159119
89 * 41 * 92 * 36 = 12085488   -->solution=21149604
41 * 92 * 36 * 54 = 7332768   -->solution=21149604
92 * 36 * 54 * 22 = 3934656   -->solution=21149604
36 * 54 * 22 * 40 = 1710720   -->solution=21149604
54 * 22 * 40 * 40 = 1900800   -->solution=21149604
22 * 40 * 40 * 28 = 985600   -->solution=21149604
40 * 40 * 28 * 66 = 2956800   -->solution=21149604
40 * 28 * 66 * 33 = 2439360   -->solution=21149604
28 * 66 * 33 * 13 = 792792   -->solution=21149604
66 * 33 * 13 * 80 = 2265120   -->solution=21149604

24 * 47 * 32 * 60 = 2165760   -->solution=21149604
47 * 32 * 60 * 99 = 8933760   -->solution=21149604
32 * 60 * 99 * 3 = 570240   -->solution=21149604
60 * 99 * 3 * 45 = 801900   -->solution=21149604
99 * 3 * 45 * 2 = 26730   -->solution=21149604
3 * 45 * 2 * 44 = 11880   -->solution=21149604
45 * 2 * 44 * 75 = 297000   -->solution=21149604
2 * 44 * 75 * 33 = 217800   -->solution=21149604
44 * 75 * 33 * 53 = 5771700   -->solution=21149604
75 * 33 * 53 * 78 = 10231650   -->solution=21149604
33 * 53 * 78 * 36 = 4911192   -->solution=21149604
53 * 78 * 36 * 84 = 12501216   -->solution=21149604
78 * 36 * 84 * 20 = 4717440   -->solution=21149604
36 * 84 * 20 * 35 = 2116800   -->solution=21149604
84 * 20 * 35 * 17 = 999600   -->solution=21149604
20 * 35 * 17 * 12 = 142800   -->solution=21149604
35 * 17 * 12 * 50 = 357000   -->solution=21149604

32 * 98 * 81 * 28 = 7112448   -->solution=21149604
98 * 81 * 28 * 64 = 14224896   -->solution=21149604
81 * 28 * 64 * 23 = 3338496   -->solution=21149604
28 * 64 * 23 * 67 = 2761472   -->solution=21149604
64 * 23 * 67 * 10 = 986240   -->solution=21149604
23 * 67 * 10 * 26 = 400660   -->solution=21149604
67 * 10 * 26 * 38 = 661960   -->solution=21149604
10 * 26 * 38 * 40 = 395200   -->solution=21149604
26 * 38 * 40 * 67 = 2647840   -->solution=21149604
38 * 40 * 67 * 59 = 6008560   -->solution=21149604
40 * 67 * 59 * 54 = 8538480   -->solution=21149604
67 * 59 * 54 * 70 = 14942340   -->solution=21149604
59 * 54 * 70 * 66 = 14719320   -->solution=21149604
54 * 70 * 66 * 18 = 4490640   -->solution=21149604
70 * 66 * 18 * 38 = 3160080   -->solution=21149604
66 * 18 * 38 * 64 = 2889216   -->solution=21149604
18 * 38 * 64 * 70 = 3064320   -->solution=21149604

67 * 26 * 20 * 68 = 2369120   -->solution=21149604
26 * 20 * 68 * 2 = 70720   -->solution=21149604
20 * 68 * 2 * 62 = 168640   -->solution=21149604
68 * 2 * 62 * 12 = 101184   -->solution=21149604
2 * 62 * 12 * 20 = 29760   -->solution=21149604
62 * 12 * 20 * 95 = 1413600   -->solution=21149604
12 * 20 * 95 * 63 = 1436400   -->solution=21149604
20 * 95 * 63 * 94 = 11251800   -->solution=21149604
95 * 63 * 94 * 39 = 21941010   -->solution=21149604
63 * 94 * 39 * 63 = 14550354   -->solution=21941010
94 * 39 * 63 * 8 = 1847664   -->solution=21941010
39 * 63 * 8 * 40 = 786240   -->solution=21941010
63 * 8 * 40 * 91 = 1834560   -->solution=21941010
8 * 40 * 91 * 66 = 1921920   -->solution=21941010
40 * 91 * 66 * 49 = 11771760   -->solution=21941010
91 * 66 * 49 * 94 = 27663636   -->solution=21941010
66 * 49 * 94 * 21 = 6383916   -->solution=27663636

24 * 55 * 58 * 5 = 382800   -->solution=27663636
55 * 58 * 5 * 66 = 1052700   -->solution=27663636
58 * 5 * 66 * 73 = 1397220   -->solution=27663636
5 * 66 * 73 * 99 = 2384910   -->solution=27663636
66 * 73 * 99 * 26 = 12401532   -->solution=27663636
73 * 99 * 26 * 97 = 18226494   -->solution=27663636
99 * 26 * 97 * 17 = 4244526   -->solution=27663636
26 * 97 * 17 * 78 = 3344172   -->solution=27663636
97 * 17 * 78 * 78 = 10032516   -->solution=27663636
17 * 78 * 78 * 96 = 9929088   -->solution=27663636
78 * 78 * 96 * 83 = 48477312   -->solution=27663636
78 * 96 * 83 * 14 = 8701056   -->solution=48477312
96 * 83 * 14 * 88 = 9816576   -->solution=48477312
83 * 14 * 88 * 34 = 3476704   -->solution=48477312
14 * 88 * 34 * 89 = 3728032   -->solution=48477312
88 * 34 * 89 * 63 = 16776144   -->solution=48477312
34 * 89 * 63 * 72 = 13725936   -->solution=48477312

21 * 36 * 23 * 9 = 156492   -->solution=48477312
36 * 23 * 9 * 75 = 558900   -->solution=48477312
23 * 9 * 75 * 0 = 0   -->solution=48477312
9 * 75 * 0 * 76 = 0   -->solution=48477312
75 * 0 * 76 * 44 = 0   -->solution=48477312
0 * 76 * 44 * 20 = 0   -->solution=48477312
76 * 44 * 20 * 45 = 3009600   -->solution=48477312
44 * 20 * 45 * 35 = 1386000   -->solution=48477312
20 * 45 * 35 * 14 = 441000   -->solution=48477312
45 * 35 * 14 * 0 = 0   -->solution=48477312
35 * 14 * 0 * 61 = 0   -->solution=48477312
14 * 0 * 61 * 33 = 0   -->solution=48477312
0 * 61 * 33 * 97 = 0   -->solution=48477312
61 * 33 * 97 * 34 = 6638874   -->solution=48477312
33 * 97 * 34 * 31 = 3373854   -->solution=48477312
97 * 34 * 31 * 33 = 3373854   -->solution=48477312
34 * 31 * 33 * 95 = 3304290   -->solution=48477312

78 * 17 * 53 * 28 = 1967784   -->solution=48477312
17 * 53 * 28 * 22 = 555016   -->solution=48477312
53 * 28 * 22 * 75 = 2448600   -->solution=48477312
28 * 22 * 75 * 31 = 1432200   -->solution=48477312
22 * 75 * 31 * 67 = 3427050   -->solution=48477312
75 * 31 * 67 * 15 = 2336625   -->solution=48477312
31 * 67 * 15 * 94 = 2928570   -->solution=48477312
67 * 15 * 94 * 3 = 283410   -->solution=48477312
15 * 94 * 3 * 80 = 338400   -->solution=48477312
94 * 3 * 80 * 4 = 90240   -->solution=48477312
3 * 80 * 4 * 62 = 59520   -->solution=48477312
80 * 4 * 62 * 16 = 317440   -->solution=48477312
4 * 62 * 16 * 14 = 55552   -->solution=48477312
62 * 16 * 14 * 9 = 124992   -->solution=48477312
16 * 14 * 9 * 53 = 106848   -->solution=48477312
14 * 9 * 53 * 56 = 373968   -->solution=48477312
9 * 53 * 56 * 92 = 2457504   -->solution=48477312

16 * 39 * 5 * 42 = 131040   -->solution=48477312
39 * 5 * 42 * 96 = 786240   -->solution=48477312
5 * 42 * 96 * 35 = 705600   -->solution=48477312
42 * 96 * 35 * 31 = 4374720   -->solution=48477312
96 * 35 * 31 * 47 = 4895520   -->solution=48477312
35 * 31 * 47 * 55 = 2804725   -->solution=48477312
31 * 47 * 55 * 58 = 4647830   -->solution=48477312
47 * 55 * 58 * 88 = 13193840   -->solution=48477312
55 * 58 * 88 * 24 = 6737280   -->solution=48477312
58 * 88 * 24 * 0 = 0   -->solution=48477312
88 * 24 * 0 * 17 = 0   -->solution=48477312
24 * 0 * 17 * 54 = 0   -->solution=48477312
0 * 17 * 54 * 24 = 0   -->solution=48477312
17 * 54 * 24 * 36 = 793152   -->solution=48477312
54 * 24 * 36 * 29 = 1353024   -->solution=48477312
24 * 36 * 29 * 85 = 2129760   -->solution=48477312
36 * 29 * 85 * 57 = 5058180   -->solution=48477312

86 * 56 * 0 * 48 = 0   -->solution=48477312
56 * 0 * 48 * 35 = 0   -->solution=48477312
0 * 48 * 35 * 71 = 0   -->solution=48477312
48 * 35 * 71 * 89 = 10615920   -->solution=48477312
35 * 71 * 89 * 7 = 1548155   -->solution=48477312
71 * 89 * 7 * 5 = 221165   -->solution=48477312
89 * 7 * 5 * 44 = 137060   -->solution=48477312
7 * 5 * 44 * 44 = 67760   -->solution=48477312
5 * 44 * 44 * 37 = 358160   -->solution=48477312
44 * 44 * 37 * 44 = 3151808   -->solution=48477312
44 * 37 * 44 * 60 = 4297920   -->solution=48477312
37 * 44 * 60 * 21 = 2051280   -->solution=48477312
44 * 60 * 21 * 58 = 3215520   -->solution=48477312
60 * 21 * 58 * 51 = 3727080   -->solution=48477312
21 * 58 * 51 * 54 = 3354372   -->solution=48477312
58 * 51 * 54 * 17 = 2715444   -->solution=48477312
51 * 54 * 17 * 58 = 2715444   -->solution=48477312

19 * 80 * 81 * 68 = 8372160   -->solution=48477312
80 * 81 * 68 * 5 = 2203200   -->solution=48477312
81 * 68 * 5 * 94 = 2588760   -->solution=48477312
68 * 5 * 94 * 47 = 1502120   -->solution=48477312
5 * 94 * 47 * 69 = 1524210   -->solution=48477312
94 * 47 * 69 * 28 = 8535576   -->solution=48477312
47 * 69 * 28 * 73 = 6628692   -->solution=48477312
69 * 28 * 73 * 92 = 12975312   -->solution=48477312
28 * 73 * 92 * 13 = 2444624   -->solution=48477312
73 * 92 * 13 * 86 = 7508488   -->solution=48477312
92 * 13 * 86 * 52 = 5348512   -->solution=48477312
13 * 86 * 52 * 17 = 988312   -->solution=48477312
86 * 52 * 17 * 77 = 5853848   -->solution=48477312
52 * 17 * 77 * 4 = 272272   -->solution=48477312
17 * 77 * 4 * 89 = 466004   -->solution=48477312
77 * 4 * 89 * 55 = 1507660   -->solution=48477312
4 * 89 * 55 * 40 = 783200   -->solution=48477312

4 * 52 * 8 * 83 = 138112   -->solution=48477312
52 * 8 * 83 * 97 = 3349216   -->solution=48477312
8 * 83 * 97 * 35 = 2254280   -->solution=48477312
83 * 97 * 35 * 99 = 27896715   -->solution=48477312
97 * 35 * 99 * 16 = 5377680   -->solution=48477312
35 * 99 * 16 * 7 = 388080   -->solution=48477312
99 * 16 * 7 * 97 = 1075536   -->solution=48477312
16 * 7 * 97 * 57 = 619248   -->solution=48477312
7 * 97 * 57 * 32 = 1238496   -->solution=48477312
97 * 57 * 32 * 16 = 2830848   -->solution=48477312
57 * 32 * 16 * 26 = 758784   -->solution=48477312
32 * 16 * 26 * 26 = 346112   -->solution=48477312
16 * 26 * 26 * 79 = 854464   -->solution=48477312
26 * 26 * 79 * 33 = 1762332   -->solution=48477312
26 * 79 * 33 * 27 = 1830114   -->solution=48477312
79 * 33 * 27 * 98 = 6898122   -->solution=48477312
33 * 27 * 98 * 66 = 5762988   -->solution=48477312

88 * 36 * 68 * 87 = 18741888   -->solution=48477312
36 * 68 * 87 * 57 = 12139632   -->solution=48477312
68 * 87 * 57 * 62 = 20907144   -->solution=48477312
87 * 57 * 62 * 20 = 6149160   -->solution=48477312
57 * 62 * 20 * 72 = 5088960   -->solution=48477312
62 * 20 * 72 * 3 = 267840   -->solution=48477312
20 * 72 * 3 * 46 = 198720   -->solution=48477312
72 * 3 * 46 * 33 = 327888   -->solution=48477312
3 * 46 * 33 * 67 = 305118   -->solution=48477312
46 * 33 * 67 * 46 = 4678476   -->solution=48477312
33 * 67 * 46 * 55 = 5593830   -->solution=48477312
67 * 46 * 55 * 12 = 2034120   -->solution=48477312
46 * 55 * 12 * 32 = 971520   -->solution=48477312
55 * 12 * 32 * 63 = 1330560   -->solution=48477312
12 * 32 * 63 * 93 = 2249856   -->solution=48477312
32 * 63 * 93 * 53 = 9936864   -->solution=48477312
63 * 93 * 53 * 69 = 21426363   -->solution=48477312

4 * 42 * 16 * 73 = 196224   -->solution=48477312
42 * 16 * 73 * 38 = 1864128   -->solution=48477312
16 * 73 * 38 * 25 = 1109600   -->solution=48477312
73 * 38 * 25 * 39 = 2704650   -->solution=48477312
38 * 25 * 39 * 11 = 407550   -->solution=48477312
25 * 39 * 11 * 24 = 257400   -->solution=48477312
39 * 11 * 24 * 94 = 967824   -->solution=48477312
11 * 24 * 94 * 72 = 1786752   -->solution=48477312
24 * 94 * 72 * 18 = 2923776   -->solution=48477312
94 * 72 * 18 * 8 = 974592   -->solution=48477312
72 * 18 * 8 * 46 = 476928   -->solution=48477312
18 * 8 * 46 * 29 = 192096   -->solution=48477312
8 * 46 * 29 * 32 = 341504   -->solution=48477312
46 * 29 * 32 * 40 = 1707520   -->solution=48477312
29 * 32 * 40 * 62 = 2301440   -->solution=48477312
32 * 40 * 62 * 76 = 6031360   -->solution=48477312
40 * 62 * 76 * 36 = 6785280   -->solution=48477312

20 * 69 * 36 * 41 = 2036880   -->solution=48477312
69 * 36 * 41 * 72 = 7332768   -->solution=48477312
36 * 41 * 72 * 30 = 3188160   -->solution=48477312
41 * 72 * 30 * 23 = 2036880   -->solution=48477312
72 * 30 * 23 * 88 = 4371840   -->solution=48477312
30 * 23 * 88 * 34 = 2064480   -->solution=48477312
23 * 88 * 34 * 62 = 4266592   -->solution=48477312
88 * 34 * 62 * 99 = 18364896   -->solution=48477312
34 * 62 * 99 * 69 = 14399748   -->solution=48477312
62 * 99 * 69 * 82 = 34728804   -->solution=48477312
99 * 69 * 82 * 67 = 37529514   -->solution=48477312
69 * 82 * 67 * 59 = 22366074   -->solution=48477312
82 * 67 * 59 * 85 = 27552410   -->solution=48477312
67 * 59 * 85 * 74 = 24864370   -->solution=48477312
59 * 85 * 74 * 4 = 1484440   -->solution=48477312
85 * 74 * 4 * 36 = 905760   -->solution=48477312
74 * 4 * 36 * 16 = 170496   -->solution=48477312

20 * 73 * 35 * 29 = 1481900   -->solution=48477312
73 * 35 * 29 * 78 = 5779410   -->solution=48477312
35 * 29 * 78 * 31 = 2454270   -->solution=48477312
29 * 78 * 31 * 90 = 6310980   -->solution=48477312
78 * 31 * 90 * 1 = 217620   -->solution=48477312
31 * 90 * 1 * 74 = 206460   -->solution=48477312
90 * 1 * 74 * 31 = 206460   -->solution=48477312
1 * 74 * 31 * 49 = 112406   -->solution=48477312
74 * 31 * 49 * 71 = 7980826   -->solution=48477312
31 * 49 * 71 * 48 = 5176752   -->solution=48477312
49 * 71 * 48 * 86 = 14361312   -->solution=48477312
71 * 48 * 86 * 81 = 23740128   -->solution=48477312
48 * 86 * 81 * 16 = 5349888   -->solution=48477312
86 * 81 * 16 * 23 = 2563488   -->solution=48477312
81 * 16 * 23 * 57 = 1699056   -->solution=48477312
16 * 23 * 57 * 5 = 104880   -->solution=48477312
23 * 57 * 5 * 54 = 353970   -->solution=48477312

1 * 70 * 54 * 71 = 268380   -->solution=48477312
70 * 54 * 71 * 83 = 22275540   -->solution=48477312
54 * 71 * 83 * 51 = 16229322   -->solution=48477312
71 * 83 * 51 * 54 = 16229322   -->solution=48477312
83 * 51 * 54 * 69 = 15772158   -->solution=48477312
51 * 54 * 69 * 16 = 3040416   -->solution=48477312
54 * 69 * 16 * 92 = 5484672   -->solution=48477312
69 * 16 * 92 * 33 = 3351744   -->solution=48477312
16 * 92 * 33 * 48 = 2331648   -->solution=48477312
92 * 33 * 48 * 61 = 8889408   -->solution=48477312
33 * 48 * 61 * 43 = 4154832   -->solution=48477312
48 * 61 * 43 * 52 = 6547008   -->solution=48477312
61 * 43 * 52 * 1 = 136396   -->solution=48477312
43 * 52 * 1 * 89 = 199004   -->solution=48477312
52 * 1 * 89 * 19 = 87932   -->solution=48477312
1 * 89 * 19 * 67 = 113297   -->solution=48477312
89 * 19 * 67 * 48 = 5438256   -->solution=48477312


--------------------------------------------------------------------------------------------

8 * 49 * 81 * 52=1651104  -->solution=48477312
49 * 81 * 52 * 22=4540536  -->solution=48477312
81 * 52 * 22 * 24=2223936  -->solution=48477312
52 * 22 * 24 * 32=878592  -->solution=48477312
22 * 24 * 32 * 67=1132032  -->solution=48477312
24 * 32 * 67 * 24=1234944  -->solution=48477312
32 * 67 * 24 * 21=1080576  -->solution=48477312
67 * 24 * 21 * 78=2633904  -->solution=48477312
24 * 21 * 78 * 16=628992  -->solution=48477312
21 * 78 * 16 * 86=2253888  -->solution=48477312
78 * 16 * 86 * 19=2039232  -->solution=48477312
16 * 86 * 19 * 4=104576  -->solution=48477312
86 * 19 * 4 * 88=575168  -->solution=48477312
19 * 4 * 88 * 4=26752  -->solution=48477312
4 * 88 * 4 * 20=28160  -->solution=48477312
88 * 4 * 20 * 20=140800  -->solution=48477312
4 * 20 * 20 * 1=1600  -->solution=48477312

2 * 49 * 49 * 70=336140  -->solution=48477312
49 * 49 * 70 * 31=5210170  -->solution=48477312
49 * 70 * 31 * 47=4997510  -->solution=48477312
70 * 31 * 47 * 98=9995020  -->solution=48477312
31 * 47 * 98 * 26=3712436  -->solution=48477312
47 * 98 * 26 * 55=6586580  -->solution=48477312
98 * 26 * 55 * 36=5045040  -->solution=48477312
26 * 55 * 36 * 17=875160  -->solution=48477312
55 * 36 * 17 * 39=1312740  -->solution=48477312
36 * 17 * 39 * 56=1336608  -->solution=48477312
17 * 39 * 56 * 80=2970240  -->solution=48477312
39 * 56 * 80 * 52=9085440  -->solution=48477312
56 * 80 * 52 * 36=8386560  -->solution=48477312
80 * 52 * 36 * 42=6289920  -->solution=48477312
52 * 36 * 42 * 69=5425056  -->solution=48477312
36 * 42 * 69 * 73=7615944  -->solution=48477312
42 * 69 * 73 * 70=14808780  -->solution=48477312

22 * 99 * 31 * 95=6414210  -->solution=48477312
99 * 31 * 95 * 16=4664880  -->solution=48477312
31 * 95 * 16 * 32=1507840  -->solution=48477312
95 * 16 * 32 * 81=3939840  -->solution=48477312
16 * 32 * 81 * 20=829440  -->solution=48477312
32 * 81 * 20 * 58=3006720  -->solution=48477312
81 * 20 * 58 * 23=2161080  -->solution=48477312
20 * 58 * 23 * 53=1414040  -->solution=48477312
58 * 23 * 53 * 5=353510  -->solution=48477312
23 * 53 * 5 * 0=0  -->solution=48477312
53 * 5 * 0 * 81=0  -->solution=48477312
5 * 0 * 81 * 8=0  -->solution=48477312
0 * 81 * 8 * 68=0  -->solution=48477312
81 * 8 * 68 * 16=705024  -->solution=48477312
8 * 68 * 16 * 36=313344  -->solution=48477312
68 * 16 * 36 * 35=1370880  -->solution=48477312
16 * 36 * 35 * 54=1088640  -->solution=48477312

97 * 40 * 73 * 23=6514520  -->solution=48477312
40 * 73 * 23 * 71=4768360  -->solution=48477312
73 * 23 * 71 * 60=7152540  -->solution=48477312
23 * 71 * 60 * 28=2743440  -->solution=48477312
71 * 60 * 28 * 68=8111040  -->solution=48477312
60 * 28 * 68 * 5=571200  -->solution=48477312
28 * 68 * 5 * 9=85680  -->solution=48477312
68 * 5 * 9 * 28=85680  -->solution=48477312
5 * 9 * 28 * 42=52920  -->solution=48477312
9 * 28 * 42 * 48=508032  -->solution=48477312
28 * 42 * 48 * 68=3838464  -->solution=48477312
42 * 48 * 68 * 83=11378304  -->solution=48477312
48 * 68 * 83 * 87=23569344  -->solution=48477312
68 * 83 * 87 * 73=35845044  -->solution=48477312
83 * 87 * 73 * 41=21612453  -->solution=48477312
87 * 73 * 41 * 29=7551339  -->solution=48477312
73 * 41 * 29 * 71=6162587  -->solution=48477312

38 * 17 * 55 * 4=142120  -->solution=48477312
17 * 55 * 4 * 51=190740  -->solution=48477312
55 * 4 * 51 * 99=1110780  -->solution=48477312
4 * 51 * 99 * 64=1292544  -->solution=48477312
51 * 99 * 64 * 2=646272  -->solution=48477312
99 * 64 * 2 * 66=836352  -->solution=48477312
64 * 2 * 66 * 75=633600  -->solution=48477312
2 * 66 * 75 * 22=217800  -->solution=48477312
66 * 75 * 22 * 96=10454400  -->solution=48477312
75 * 22 * 96 * 35=5544000  -->solution=48477312
22 * 96 * 35 * 5=369600  -->solution=48477312
96 * 35 * 5 * 97=1629600  -->solution=48477312
35 * 5 * 97 * 57=967575  -->solution=48477312
5 * 97 * 57 * 38=1050510  -->solution=48477312
97 * 57 * 38 * 72=15127344  -->solution=48477312
57 * 38 * 72 * 78=12164256  -->solution=48477312
38 * 72 * 78 * 83=17712864  -->solution=48477312

15 * 81 * 79 * 60=5759100  -->solution=48477312
81 * 79 * 60 * 67=25723980  -->solution=48477312
79 * 60 * 67 * 3=952740  -->solution=48477312
60 * 67 * 3 * 23=277380  -->solution=48477312
67 * 3 * 23 * 62=286626  -->solution=48477312
3 * 23 * 62 * 73=312294  -->solution=48477312
23 * 62 * 73 * 0=0  -->solution=48477312
62 * 73 * 0 * 75=0  -->solution=48477312
73 * 0 * 75 * 35=0  -->solution=48477312
0 * 75 * 35 * 71=0  -->solution=48477312
75 * 35 * 71 * 94=17519250  -->solution=48477312
35 * 71 * 94 * 35=8175650  -->solution=48477312
71 * 94 * 35 * 62=14482580  -->solution=48477312
94 * 35 * 62 * 25=5099500  -->solution=48477312
35 * 62 * 25 * 30=1627500  -->solution=48477312
62 * 25 * 30 * 31=1441500  -->solution=48477312
25 * 30 * 31 * 51=1185750  -->solution=48477312

0 * 18 * 14 * 11=0  -->solution=48477312
18 * 14 * 11 * 63=174636  -->solution=48477312
14 * 11 * 63 * 45=436590  -->solution=48477312
11 * 63 * 45 * 67=2089395  -->solution=48477312
63 * 45 * 67 * 12=2279340  -->solution=48477312
45 * 67 * 12 * 99=3581820  -->solution=48477312
67 * 12 * 99 * 76=6049296  -->solution=48477312
12 * 99 * 76 * 31=2798928  -->solution=48477312
99 * 76 * 31 * 31=7230564  -->solution=48477312
76 * 31 * 31 * 89=6500204  -->solution=48477312
31 * 31 * 89 * 47=4019863  -->solution=48477312
31 * 89 * 47 * 99=12837627  -->solution=48477312
89 * 47 * 99 * 20=8282340  -->solution=48477312
47 * 99 * 20 * 39=3629340  -->solution=48477312
99 * 20 * 39 * 23=1776060  -->solution=48477312
20 * 39 * 23 * 90=1614600  -->solution=48477312
39 * 23 * 90 * 54=4359420  -->solution=48477312

40 * 57 * 29 * 42=2777040  -->solution=48477312
57 * 29 * 42 * 89=6178914  -->solution=48477312
29 * 42 * 89 * 2=216804  -->solution=48477312
42 * 89 * 2 * 10=74760  -->solution=48477312
89 * 2 * 10 * 20=35600  -->solution=48477312
2 * 10 * 20 * 26=10400  -->solution=48477312
10 * 20 * 26 * 44=228800  -->solution=48477312
20 * 26 * 44 * 67=1532960  -->solution=48477312
26 * 44 * 67 * 47=3602456  -->solution=48477312
44 * 67 * 47 * 7=969892  -->solution=48477312
67 * 47 * 7 * 69=1520967  -->solution=48477312
47 * 7 * 69 * 16=363216  -->solution=48477312
7 * 69 * 16 * 72=556416  -->solution=48477312
69 * 16 * 72 * 11=874368  -->solution=48477312
16 * 72 * 11 * 88=1115136  -->solution=48477312
72 * 11 * 88 * 1=69696  -->solution=48477312
11 * 88 * 1 * 69=66792  -->solution=48477312

0 * 60 * 93 * 69=0  -->solution=48477312
60 * 93 * 69 * 41=15785820  -->solution=48477312
93 * 69 * 41 * 44=11576268  -->solution=48477312
69 * 41 * 44 * 26=3236376  -->solution=48477312
41 * 44 * 26 * 95=4455880  -->solution=48477312
44 * 26 * 95 * 97=10541960  -->solution=48477312
26 * 95 * 97 * 20=4791800  -->solution=48477312
95 * 97 * 20 * 15=2764500  -->solution=48477312
97 * 20 * 15 * 55=1600500  -->solution=48477312
20 * 15 * 55 * 5=82500  -->solution=48477312
15 * 55 * 5 * 28=115500  -->solution=48477312
55 * 5 * 28 * 7=53900  -->solution=48477312
5 * 28 * 7 * 3=2940  -->solution=48477312
28 * 7 * 3 * 24=14112  -->solution=48477312
7 * 3 * 24 * 34=17136  -->solution=48477312
3 * 24 * 34 * 74=181152  -->solution=48477312
24 * 34 * 74 * 16=966144  -->solution=48477312

75 * 87 * 71 * 24=11118600  -->solution=48477312
87 * 71 * 24 * 92=13638816  -->solution=48477312
71 * 24 * 92 * 75=11757600  -->solution=48477312
24 * 92 * 75 * 38=6292800  -->solution=48477312
92 * 75 * 38 * 63=16518600  -->solution=48477312
75 * 38 * 63 * 17=3052350  -->solution=48477312
38 * 63 * 17 * 45=1831410  -->solution=48477312
63 * 17 * 45 * 94=4530330  -->solution=48477312
17 * 45 * 94 * 58=4170780  -->solution=48477312
45 * 94 * 58 * 44=10794960  -->solution=48477312
94 * 58 * 44 * 73=17511824  -->solution=48477312
58 * 44 * 73 * 97=18070712  -->solution=48477312
44 * 73 * 97 * 46=14331944  -->solution=48477312
73 * 97 * 46 * 94=30618244  -->solution=48477312
97 * 46 * 94 * 62=26004536  -->solution=48477312
46 * 94 * 62 * 31=8310728  -->solution=48477312
94 * 62 * 31 * 92=16621456  -->solution=48477312

4 * 17 * 40 * 68=184960  -->solution=48477312
17 * 40 * 68 * 36=1664640  -->solution=48477312
40 * 68 * 36 * 33=3231360  -->solution=48477312
68 * 36 * 33 * 40=3231360  -->solution=48477312
36 * 33 * 40 * 94=4466880  -->solution=48477312
33 * 40 * 94 * 78=9678240  -->solution=48477312
40 * 94 * 78 * 35=10264800  -->solution=48477312
94 * 78 * 35 * 3=769860  -->solution=48477312
78 * 35 * 3 * 88=720720  -->solution=48477312
35 * 3 * 88 * 44=406560  -->solution=48477312
3 * 88 * 44 * 92=1068672  -->solution=48477312
88 * 44 * 92 * 57=20304768  -->solution=48477312
44 * 92 * 57 * 33=7614288  -->solution=48477312
92 * 57 * 33 * 72=12459744  -->solution=48477312
57 * 33 * 72 * 99=13407768  -->solution=48477312
33 * 72 * 99 * 49=11525976  -->solution=48477312
72 * 99 * 49 * 33=11525976  -->solution=48477312

5 * 40 * 67 * 56=750400  -->solution=48477312
40 * 67 * 56 * 54=8104320  -->solution=48477312
67 * 56 * 54 * 53=10738224  -->solution=48477312
56 * 54 * 53 * 67=10738224  -->solution=48477312
54 * 53 * 67 * 39=7478406  -->solution=48477312
53 * 67 * 39 * 78=10802142  -->solution=48477312
67 * 39 * 78 * 14=2853396  -->solution=48477312
39 * 78 * 14 * 80=3407040  -->solution=48477312
78 * 14 * 80 * 24=2096640  -->solution=48477312
14 * 80 * 24 * 37=994560  -->solution=48477312
80 * 24 * 37 * 13=923520  -->solution=48477312
24 * 37 * 13 * 32=369408  -->solution=48477312
37 * 13 * 32 * 67=1031264  -->solution=48477312
13 * 32 * 67 * 18=501696  -->solution=48477312
32 * 67 * 18 * 69=2662848  -->solution=48477312
67 * 18 * 69 * 71=5908194  -->solution=48477312
18 * 69 * 71 * 48=4232736  -->solution=48477312

7 * 98 * 53 * 1=36358  -->solution=48477312
98 * 53 * 1 * 22=114268  -->solution=48477312
53 * 1 * 22 * 78=90948  -->solution=48477312
1 * 22 * 78 * 59=101244  -->solution=48477312
22 * 78 * 59 * 63=6378372  -->solution=48477312
78 * 59 * 63 * 96=27832896  -->solution=48477312
59 * 63 * 96 * 0=0  -->solution=48477312
63 * 96 * 0 * 4=0  -->solution=48477312
96 * 0 * 4 * 0=0  -->solution=48477312
0 * 4 * 0 * 44=0  -->solution=48477312
4 * 0 * 44 * 86=0  -->solution=48477312
0 * 44 * 86 * 16=0  -->solution=48477312
44 * 86 * 16 * 46=2785024  -->solution=48477312
86 * 16 * 46 * 8=506368  -->solution=48477312
16 * 46 * 8 * 82=482816  -->solution=48477312
46 * 8 * 82 * 48=1448448  -->solution=48477312
8 * 82 * 48 * 61=1920768  -->solution=48477312

78 * 43 * 88 * 32=9444864  -->solution=48477312
43 * 88 * 32 * 40=4843520  -->solution=48477312
88 * 32 * 40 * 36=4055040  -->solution=48477312
32 * 40 * 36 * 54=2488320  -->solution=48477312
40 * 36 * 54 * 8=622080  -->solution=48477312
36 * 54 * 8 * 83=1290816  -->solution=48477312
54 * 8 * 83 * 61=2187216  -->solution=48477312
8 * 83 * 61 * 62=2511248  -->solution=48477312
83 * 61 * 62 * 17=5336402  -->solution=48477312
61 * 62 * 17 * 60=3857640  -->solution=48477312
62 * 17 * 60 * 52=3288480  -->solution=48477312
17 * 60 * 52 * 26=1379040  -->solution=48477312
60 * 52 * 26 * 55=4461600  -->solution=48477312
52 * 26 * 55 * 46=3420560  -->solution=48477312
26 * 55 * 46 * 67=4407260  -->solution=48477312
55 * 46 * 67 * 86=14577860  -->solution=48477312
46 * 67 * 86 * 43=11397236  -->solution=48477312

52 * 69 * 30 * 56=6027840  -->solution=48477312
69 * 30 * 56 * 40=4636800  -->solution=48477312
30 * 56 * 40 * 84=5644800  -->solution=48477312
56 * 40 * 84 * 70=13171200  -->solution=48477312
40 * 84 * 70 * 40=9408000  -->solution=48477312
84 * 70 * 40 * 14=3292800  -->solution=48477312
70 * 40 * 14 * 33=1293600  -->solution=48477312
40 * 14 * 33 * 16=295680  -->solution=48477312
14 * 33 * 16 * 54=399168  -->solution=48477312
33 * 16 * 54 * 21=598752  -->solution=48477312
16 * 54 * 21 * 17=308448  -->solution=48477312
54 * 21 * 17 * 26=501228  -->solution=48477312
21 * 17 * 26 * 12=111384  -->solution=48477312
17 * 26 * 12 * 29=153816  -->solution=48477312
26 * 12 * 29 * 59=533832  -->solution=48477312
12 * 29 * 59 * 81=1663092  -->solution=48477312
29 * 59 * 81 * 52=7206732  -->solution=48477312

12 * 48 * 3 * 71=122688  -->solution=48477312
48 * 3 * 71 * 28=286272  -->solution=48477312
3 * 71 * 28 * 20=119280  -->solution=48477312
71 * 28 * 20 * 66=2624160  -->solution=48477312
28 * 20 * 66 * 91=3363360  -->solution=48477312
20 * 66 * 91 * 88=10570560  -->solution=48477312
66 * 91 * 88 * 97=51267216  -->solution=48477312
91 * 88 * 97 * 14=10874864  -->solution=51267216
88 * 97 * 14 * 24=2868096  -->solution=51267216
97 * 14 * 24 * 58=1890336  -->solution=51267216
14 * 24 * 58 * 77=1500576  -->solution=51267216
24 * 58 * 77 * 79=8467536  -->solution=51267216
58 * 77 * 79 * 32=11290048  -->solution=51267216
77 * 79 * 32 * 32=6228992  -->solution=51267216
79 * 32 * 32 * 85=6876160  -->solution=51267216
32 * 32 * 85 * 16=1392640  -->solution=51267216
32 * 85 * 16 * 1=43520  -->solution=51267216

50 * 4 * 49 * 37=362600  -->solution=51267216
4 * 49 * 37 * 66=478632  -->solution=51267216
49 * 37 * 66 * 35=4188030  -->solution=51267216
37 * 66 * 35 * 18=1538460  -->solution=51267216
66 * 35 * 18 * 66=2744280  -->solution=51267216
35 * 18 * 66 * 34=1413720  -->solution=51267216
18 * 66 * 34 * 34=1373328  -->solution=51267216
66 * 34 * 34 * 9=686664  -->solution=51267216
34 * 34 * 9 * 36=374544  -->solution=51267216
34 * 9 * 36 * 51=561816  -->solution=51267216
9 * 36 * 51 * 4=66096  -->solution=51267216
36 * 51 * 4 * 33=242352  -->solution=51267216
51 * 4 * 33 * 63=424116  -->solution=51267216
4 * 33 * 63 * 40=332640  -->solution=51267216
33 * 63 * 40 * 74=6153840  -->solution=51267216
63 * 40 * 74 * 23=4289040  -->solution=51267216
40 * 74 * 23 * 89=6059120  -->solution=51267216

77 * 56 * 13 * 2=112112  -->solution=51267216
56 * 13 * 2 * 33=48048  -->solution=51267216
13 * 2 * 33 * 17=14586  -->solution=51267216
2 * 33 * 17 * 38=42636  -->solution=51267216
33 * 17 * 38 * 49=1044582  -->solution=51267216
17 * 38 * 49 * 89=2817206  -->solution=51267216
38 * 49 * 89 * 31=5137258  -->solution=51267216
49 * 89 * 31 * 53=7165123  -->solution=51267216
89 * 31 * 53 * 29=4240583  -->solution=51267216
31 * 53 * 29 * 54=2572938  -->solution=51267216
53 * 29 * 54 * 89=7386822  -->solution=51267216
29 * 54 * 89 * 27=3763098  -->solution=51267216
54 * 89 * 27 * 93=12067866  -->solution=51267216
89 * 27 * 93 * 62=13855698  -->solution=51267216
27 * 93 * 62 * 4=622728  -->solution=51267216
93 * 62 * 4 * 57=1314648  -->solution=51267216
62 * 4 * 57 * 19=268584  -->solution=51267216

91 * 62 * 36 * 36=7312032  -->solution=51267216
62 * 36 * 36 * 13=1044576  -->solution=51267216
36 * 36 * 13 * 12=202176  -->solution=51267216
36 * 13 * 12 * 64=359424  -->solution=51267216
13 * 12 * 64 * 94=938496  -->solution=51267216
12 * 64 * 94 * 63=4548096  -->solution=51267216
64 * 94 * 63 * 33=12507264  -->solution=51267216
94 * 63 * 33 * 56=10943856  -->solution=51267216
63 * 33 * 56 * 85=9896040  -->solution=51267216
33 * 56 * 85 * 17=2670360  -->solution=51267216
56 * 85 * 17 * 55=4450600  -->solution=51267216
85 * 17 * 55 * 98=7788550  -->solution=51267216
17 * 55 * 98 * 53=4856390  -->solution=51267216
55 * 98 * 53 * 76=21710920  -->solution=51267216
98 * 53 * 76 * 36=14210784  -->solution=51267216
53 * 76 * 36 * 5=725040  -->solution=51267216
76 * 36 * 5 * 67=916560  -->solution=51267216

8 * 0 * 65 * 91=0  -->solution=51267216
0 * 65 * 91 * 80=0  -->solution=51267216
65 * 91 * 80 * 50=23660000  -->solution=51267216
91 * 80 * 50 * 70=25480000  -->solution=51267216
80 * 50 * 70 * 21=5880000  -->solution=51267216
50 * 70 * 21 * 72=5292000  -->solution=51267216
70 * 21 * 72 * 95=10054800  -->solution=51267216
21 * 72 * 95 * 92=13214880  -->solution=51267216
72 * 95 * 92 * 57=35868960  -->solution=51267216
95 * 92 * 57 * 58=28894440  -->solution=51267216
92 * 57 * 58 * 40=12166080  -->solution=51267216
57 * 58 * 40 * 66=8727840  -->solution=51267216
58 * 40 * 66 * 69=10565280  -->solution=51267216
40 * 66 * 69 * 36=6557760  -->solution=51267216
66 * 69 * 36 * 16=2623104  -->solution=51267216
69 * 36 * 16 * 54=2146176  -->solution=51267216
36 * 16 * 54 * 48=1492992  -->solution=51267216


--------------------------------------------------------------------------------------------

50 * 56 * 36 * 91 = 9172800  -->solution=51267216
12 * 4 * 13 * 36 = 22464  -->solution=51267216
52 * 48 * 49 * 2 = 244608  -->solution=51267216
78 * 69 * 3 * 37 = 597402  -->solution=51267216
7 * 43 * 30 * 71 = 641130  -->solution=51267216
5 * 98 * 88 * 56 = 2414720  -->solution=51267216
4 * 40 * 53 * 32 = 271360  -->solution=51267216
75 * 17 * 67 * 1 = 85425  -->solution=51267216
0 * 87 * 40 * 56 = 0  -->solution=51267216
40 * 60 * 71 * 68 = 11587200  -->solution=51267216
0 * 57 * 93 * 24 = 0  -->solution=51267216
15 * 18 * 29 * 69 = 540270  -->solution=51267216
38 * 81 * 14 * 42 = 1809864  -->solution=51267216
97 * 17 * 79 * 11 = 1432981  -->solution=51267216
22 * 40 * 55 * 60 = 2904000  -->solution=51267216
2 * 99 * 73 * 4 = 57816  -->solution=51267216
8 * 49 * 31 * 23 = 279496  -->solution=51267216

4 * 13 * 36 * 80 = 149760  -->solution=51267216
48 * 49 * 2 * 13 = 61152  -->solution=51267216
69 * 3 * 37 * 33 = 252747  -->solution=51267216
43 * 30 * 71 * 66 = 6044940  -->solution=51267216
98 * 88 * 56 * 28 = 13522432  -->solution=51267216
40 * 53 * 32 * 40 = 2713600  -->solution=51267216
17 * 67 * 1 * 40 = 45560  -->solution=51267216
87 * 40 * 56 * 22 = 4287360  -->solution=51267216
60 * 71 * 68 * 54 = 15642720  -->solution=51267216
57 * 93 * 24 * 36 = 4580064  -->solution=51267216
18 * 29 * 69 * 92 = 3313656  -->solution=51267216
81 * 14 * 42 * 41 = 1952748  -->solution=51267216
17 * 79 * 11 * 89 = 1314797  -->solution=51267216
40 * 55 * 60 * 63 = 8316000  -->solution=51267216
99 * 73 * 4 * 67 = 1936836  -->solution=51267216
49 * 31 * 23 * 51 = 1781787  -->solution=51267216
49 * 49 * 95 * 71 = 16194745  -->solution=51267216

49 * 2 * 13 * 50 = 63700  -->solution=51267216
3 * 37 * 33 * 12 = 43956  -->solution=51267216
30 * 71 * 66 * 17 = 2389860  -->solution=51267216
88 * 56 * 28 * 35 = 4829440  -->solution=51267216
53 * 32 * 40 * 20 = 1356800  -->solution=51267216
67 * 1 * 40 * 84 = 225120  -->solution=51267216
40 * 56 * 22 * 36 = 1774080  -->solution=51267216
71 * 68 * 54 * 78 = 20335536  -->solution=51267216
93 * 24 * 36 * 53 = 4258656  -->solution=51267216
29 * 69 * 92 * 33 = 6075036  -->solution=51267216
14 * 42 * 41 * 75 = 1808100  -->solution=51267216
79 * 11 * 89 * 44 = 3403004  -->solution=51267216
55 * 60 * 63 * 2 = 415800  -->solution=51267216
73 * 4 * 67 * 45 = 880380  -->solution=51267216
31 * 23 * 51 * 3 = 109089  -->solution=51267216
49 * 95 * 71 * 99 = 32719995  -->solution=51267216
81 * 70 * 16 * 60 = 5443200  -->solution=51267216

37 * 33 * 12 * 70 = 1025640  -->solution=51267216
71 * 66 * 17 * 64 = 5098368  -->solution=51267216
56 * 28 * 35 * 38 = 2085440  -->solution=51267216
32 * 40 * 20 * 18 = 460800  -->solution=51267216
1 * 40 * 84 * 66 = 221760  -->solution=51267216
56 * 22 * 36 * 70 = 3104640  -->solution=51267216
68 * 54 * 78 * 54 = 15466464  -->solution=51267216
24 * 36 * 53 * 59 = 2701728  -->solution=51267216
69 * 92 * 33 * 67 = 14035428  -->solution=51267216
42 * 41 * 75 * 40 = 5166000  -->solution=51267216
11 * 89 * 44 * 38 = 1636888  -->solution=51267216
60 * 63 * 2 * 26 = 196560  -->solution=51267216
4 * 67 * 45 * 10 = 120600  -->solution=51267216
23 * 51 * 3 * 67 = 235773  -->solution=51267216
95 * 71 * 99 * 23 = 15358365  -->solution=51267216
70 * 16 * 60 * 64 = 4300800  -->solution=51267216
52 * 31 * 32 * 28 = 1444352  -->solution=51267216

66 * 17 * 64 * 21 = 1507968  -->solution=51267216
28 * 35 * 38 * 94 = 3500560  -->solution=51267216
40 * 20 * 18 * 49 = 705600  -->solution=51267216
40 * 84 * 66 * 66 = 14636160  -->solution=51267216
22 * 36 * 70 * 91 = 5045040  -->solution=51267216
54 * 78 * 54 * 40 = 9097920  -->solution=51267216
36 * 53 * 59 * 8 = 900576  -->solution=51267216
92 * 33 * 67 * 63 = 12814956  -->solution=51267216
41 * 75 * 40 * 39 = 4797000  -->solution=51267216
89 * 44 * 38 * 94 = 13987952  -->solution=51267216
63 * 2 * 26 * 63 = 206388  -->solution=51267216
67 * 45 * 10 * 95 = 2864250  -->solution=51267216
51 * 3 * 67 * 20 = 205020  -->solution=51267216
71 * 99 * 23 * 12 = 1940004  -->solution=51267216
16 * 60 * 64 * 62 = 3809280  -->solution=51267216
31 * 32 * 28 * 2 = 55552  -->solution=51267216
22 * 47 * 81 * 68 = 5695272  -->solution=51267216

35 * 38 * 94 * 72 = 9001440  -->solution=51267216
20 * 18 * 49 * 63 = 1111320  -->solution=51267216
84 * 66 * 66 * 89 = 32565456  -->solution=51267216
36 * 70 * 91 * 34 = 7796880  -->solution=51267216
78 * 54 * 40 * 88 = 14826240  -->solution=51267216
53 * 59 * 8 * 14 = 350224  -->solution=51267216
33 * 67 * 63 * 83 = 11561319  -->solution=51267216
75 * 40 * 39 * 96 = 11232000  -->solution=51267216
44 * 38 * 94 * 78 = 12259104  -->solution=51267216
2 * 26 * 63 * 78 = 255528  -->solution=51267216
45 * 10 * 95 * 17 = 726750  -->solution=51267216
3 * 67 * 20 * 97 = 389940  -->solution=51267216
99 * 23 * 12 * 26 = 710424  -->solution=51267216
60 * 64 * 62 * 99 = 23569920  -->solution=51267216
32 * 28 * 2 * 73 = 130816  -->solution=51267216
47 * 81 * 68 * 66 = 17085816  -->solution=51267216
24 * 98 * 20 * 5 = 235200  -->solution=51267216

18 * 49 * 63 * 95 = 5278770  -->solution=51267216
66 * 66 * 89 * 33 = 12793572  -->solution=51267216
70 * 91 * 34 * 31 = 6713980  -->solution=51267216
54 * 40 * 88 * 34 = 6462720  -->solution=51267216
59 * 8 * 14 * 97 = 640976  -->solution=51267216
67 * 63 * 83 * 33 = 11561319  -->solution=51267216
40 * 39 * 96 * 61 = 9135360  -->solution=51267216
38 * 94 * 78 * 0 = 0  -->solution=51267216
26 * 63 * 78 * 14 = 1788696  -->solution=51267216
10 * 95 * 17 * 35 = 565250  -->solution=51267216
67 * 20 * 97 * 45 = 5849100  -->solution=51267216
23 * 12 * 26 * 20 = 143520  -->solution=51267216
64 * 62 * 99 * 44 = 17284608  -->solution=51267216
28 * 2 * 73 * 76 = 310688  -->solution=51267216
81 * 68 * 66 * 0 = 0  -->solution=51267216
98 * 20 * 5 * 75 = 735000  -->solution=51267216
32 * 26 * 58 * 9 = 434304  -->solution=51267216

66 * 89 * 33 * 92 = 17833464  -->solution=51267216
91 * 34 * 31 * 56 = 5371184  -->solution=51267216
40 * 88 * 34 * 53 = 6343040  -->solution=51267216
8 * 14 * 97 * 9 = 97776  -->solution=51267216
63 * 83 * 33 * 14 = 2415798  -->solution=51267216
39 * 96 * 61 * 16 = 3654144  -->solution=51267216
94 * 78 * 0 * 62 = 0  -->solution=51267216
63 * 78 * 14 * 4 = 275184  -->solution=51267216
95 * 17 * 35 * 80 = 4522000  -->solution=51267216
20 * 97 * 45 * 3 = 261900  -->solution=51267216
12 * 26 * 20 * 94 = 586560  -->solution=51267216
62 * 99 * 44 * 15 = 4051080  -->solution=51267216
2 * 73 * 76 * 67 = 743432  -->solution=51267216
68 * 66 * 0 * 31 = 0  -->solution=51267216
20 * 5 * 75 * 75 = 562500  -->solution=51267216
26 * 58 * 9 * 22 = 298584  -->solution=51267216
67 * 55 * 23 * 28 = 2373140  -->solution=51267216

34 * 31 * 56 * 57 = 3364368  -->solution=51267216
88 * 34 * 53 * 85 = 13478960  -->solution=51267216
14 * 97 * 9 * 29 = 354438  -->solution=51267216
83 * 33 * 14 * 36 = 1380456  -->solution=51267216
96 * 61 * 16 * 24 = 2248704  -->solution=51267216
78 * 0 * 62 * 54 = 0  -->solution=51267216
78 * 14 * 4 * 17 = 74256  -->solution=51267216
17 * 35 * 80 * 0 = 0  -->solution=51267216
97 * 45 * 3 * 24 = 314280  -->solution=51267216
26 * 20 * 94 * 88 = 4301440  -->solution=51267216
99 * 44 * 15 * 58 = 3789720  -->solution=51267216
73 * 76 * 67 * 55 = 20444380  -->solution=51267216
66 * 0 * 31 * 47 = 0  -->solution=51267216
5 * 75 * 75 * 31 = 871875  -->solution=51267216
58 * 9 * 22 * 35 = 401940  -->solution=51267216
55 * 23 * 28 * 96 = 3400320  -->solution=51267216
24 * 36 * 53 * 42 = 1923264  -->solution=51267216

34 * 53 * 85 * 58 = 8883860  -->solution=51267216
97 * 9 * 29 * 17 = 430389  -->solution=51267216
33 * 14 * 36 * 54 = 898128  -->solution=51267216
61 * 16 * 24 * 51 = 1194624  -->solution=51267216
0 * 62 * 54 * 58 = 0  -->solution=51267216
14 * 4 * 17 * 21 = 19992  -->solution=51267216
35 * 80 * 0 * 60 = 0  -->solution=51267216
45 * 3 * 24 * 44 = 142560  -->solution=51267216
20 * 94 * 88 * 37 = 6121280  -->solution=51267216
44 * 15 * 58 * 44 = 1684320  -->solution=51267216
76 * 67 * 55 * 44 = 12322640  -->solution=51267216
0 * 31 * 47 * 5 = 0  -->solution=51267216
75 * 75 * 31 * 7 = 1220625  -->solution=51267216
9 * 22 * 35 * 89 = 616770  -->solution=51267216
23 * 28 * 96 * 71 = 4389504  -->solution=51267216
36 * 53 * 42 * 35 = 2804760  -->solution=51267216
21 * 17 * 5 * 48 = 85680  -->solution=51267216

9 * 29 * 17 * 40 = 177480  -->solution=51267216
14 * 36 * 54 * 55 = 1496880  -->solution=51267216
16 * 24 * 51 * 89 = 1742976  -->solution=51267216
62 * 54 * 58 * 4 = 776736  -->solution=51267216
4 * 17 * 21 * 77 = 109956  -->solution=51267216
80 * 0 * 60 * 17 = 0  -->solution=51267216
3 * 24 * 44 * 52 = 164736  -->solution=51267216
94 * 88 * 37 * 86 = 26321504  -->solution=51267216
15 * 58 * 44 * 13 = 497640  -->solution=51267216
67 * 55 * 44 * 92 = 14916880  -->solution=51267216
31 * 47 * 5 * 73 = 531805  -->solution=51267216
75 * 31 * 7 * 28 = 455700  -->solution=51267216
22 * 35 * 89 * 69 = 4728570  -->solution=51267216
28 * 96 * 71 * 47 = 8969856  -->solution=51267216
53 * 42 * 35 * 94 = 7323540  -->solution=51267216
17 * 5 * 48 * 5 = 20400  -->solution=51267216
78 * 39 * 0 * 68 = 0  -->solution=51267216

36 * 54 * 55 * 66 = 7056720  -->solution=51267216
24 * 51 * 89 * 98 = 10675728  -->solution=51267216
54 * 58 * 4 * 27 = 338256  -->solution=51267216
17 * 21 * 77 * 33 = 907137  -->solution=51267216
0 * 60 * 17 * 79 = 0  -->solution=51267216
24 * 44 * 52 * 26 = 1427712  -->solution=51267216
88 * 37 * 86 * 26 = 7280416  -->solution=51267216
58 * 44 * 13 * 16 = 530816  -->solution=51267216
55 * 44 * 92 * 32 = 7124480  -->solution=51267216
47 * 5 * 73 * 57 = 977835  -->solution=51267216
31 * 7 * 28 * 97 = 589372  -->solution=51267216
35 * 89 * 69 * 7 = 1504545  -->solution=51267216
96 * 71 * 47 * 16 = 5125632  -->solution=51267216
42 * 35 * 94 * 99 = 13679820  -->solution=51267216
5 * 48 * 5 * 35 = 42000  -->solution=51267216
39 * 0 * 68 * 97 = 0  -->solution=51267216
16 * 56 * 81 * 83 = 6023808  -->solution=51267216

51 * 89 * 98 * 69 = 30692718  -->solution=51267216
58 * 4 * 27 * 53 = 331992  -->solution=51267216
21 * 77 * 33 * 93 = 4962573  -->solution=51267216
60 * 17 * 79 * 63 = 5076540  -->solution=51267216
44 * 52 * 26 * 32 = 1903616  -->solution=51267216
37 * 86 * 26 * 12 = 992784  -->solution=51267216
44 * 13 * 16 * 55 = 503360  -->solution=51267216
44 * 92 * 32 * 46 = 5958656  -->solution=51267216
5 * 73 * 57 * 67 = 1393935  -->solution=51267216
7 * 28 * 97 * 33 = 627396  -->solution=51267216
89 * 69 * 7 * 46 = 1977402  -->solution=51267216
71 * 47 * 16 * 3 = 160176  -->solution=51267216
35 * 94 * 99 * 72 = 23451120  -->solution=51267216
48 * 5 * 35 * 20 = 168000  -->solution=51267216
0 * 68 * 97 * 62 = 0  -->solution=51267216
56 * 81 * 83 * 57 = 21459816  -->solution=51267216
86 * 80 * 8 * 87 = 4788480  -->solution=51267216

4 * 27 * 53 * 36 = 206064  -->solution=51267216
77 * 33 * 93 * 76 = 17959788  -->solution=51267216
17 * 79 * 63 * 62 = 5245758  -->solution=51267216
52 * 26 * 32 * 40 = 1730560  -->solution=51267216
86 * 26 * 12 * 32 = 858624  -->solution=51267216
13 * 16 * 55 * 29 = 331760  -->solution=51267216
92 * 32 * 46 * 46 = 6229504  -->solution=51267216
73 * 57 * 67 * 8 = 2230296  -->solution=51267216
28 * 97 * 33 * 18 = 1613304  -->solution=51267216
69 * 7 * 46 * 72 = 1599696  -->solution=51267216
47 * 16 * 3 * 94 = 212064  -->solution=51267216
94 * 99 * 72 * 24 = 16080768  -->solution=51267216
5 * 35 * 20 * 11 = 38500  -->solution=51267216
68 * 97 * 62 * 39 = 15949128  -->solution=51267216
81 * 83 * 57 * 25 = 9580275  -->solution=51267216
80 * 8 * 87 * 38 = 2115840  -->solution=51267216
19 * 52 * 68 * 73 = 4904432  -->solution=51267216

33 * 93 * 76 * 16 = 3731904  -->solution=51267216
79 * 63 * 62 * 36 = 11108664  -->solution=51267216
26 * 32 * 40 * 4 = 133120  -->solution=51267216
26 * 12 * 32 * 74 = 738816  -->solution=51267216
16 * 55 * 29 * 85 = 2169200  -->solution=51267216
32 * 46 * 46 * 59 = 3995008  -->solution=51267216
57 * 67 * 8 * 67 = 2046984  -->solution=51267216
97 * 33 * 18 * 82 = 4724676  -->solution=51267216
7 * 46 * 72 * 69 = 1599696  -->solution=51267216
16 * 3 * 94 * 99 = 446688  -->solution=51267216
99 * 72 * 24 * 62 = 10606464  -->solution=51267216
35 * 20 * 11 * 34 = 261800  -->solution=51267216
97 * 62 * 39 * 88 = 20640048  -->solution=51267216
83 * 57 * 25 * 23 = 2720325  -->solution=51267216
8 * 87 * 38 * 30 = 793440  -->solution=51267216
52 * 68 * 73 * 72 = 18585216  -->solution=51267216
4 * 36 * 16 * 41 = 94464  -->solution=51267216

63 * 62 * 36 * 54 = 7593264  -->solution=51267216
32 * 40 * 4 * 5 = 25600  -->solution=51267216
12 * 32 * 74 * 57 = 1619712  -->solution=51267216
55 * 29 * 85 * 23 = 3118225  -->solution=51267216
46 * 46 * 59 * 16 = 1997504  -->solution=51267216
67 * 8 * 67 * 81 = 2908872  -->solution=51267216
33 * 18 * 82 * 86 = 4188888  -->solution=51267216
46 * 72 * 69 * 48 = 10969344  -->solution=51267216
3 * 94 * 99 * 71 = 1982178  -->solution=51267216
72 * 24 * 62 * 49 = 5249664  -->solution=51267216
20 * 11 * 34 * 31 = 231880  -->solution=51267216
62 * 39 * 88 * 74 = 15746016  -->solution=51267216
57 * 25 * 23 * 1 = 32775  -->solution=51267216
87 * 38 * 30 * 90 = 8926200  -->solution=51267216
68 * 73 * 72 * 31 = 11079648  -->solution=51267216
36 * 16 * 41 * 78 = 1842048  -->solution=51267216
88 * 42 * 36 * 29 = 3858624  -->solution=51267216

40 * 4 * 5 * 48 = 38400  -->solution=51267216
32 * 74 * 57 * 67 = 9043392  -->solution=51267216
29 * 85 * 23 * 19 = 1077205  -->solution=51267216
46 * 59 * 16 * 89 = 3864736  -->solution=51267216
8 * 67 * 81 * 1 = 43416  -->solution=51267216
18 * 82 * 86 * 52 = 6600672  -->solution=51267216
72 * 69 * 48 * 43 = 10253952  -->solution=51267216
94 * 99 * 71 * 61 = 40304286  -->solution=51267216
24 * 62 * 49 * 48 = 3499776  -->solution=51267216
11 * 34 * 31 * 33 = 382602  -->solution=51267216
39 * 88 * 74 * 92 = 23365056  -->solution=51267216
25 * 23 * 1 * 16 = 9200  -->solution=51267216
38 * 30 * 90 * 69 = 7079400  -->solution=51267216
73 * 72 * 31 * 54 = 8798544  -->solution=51267216
16 * 41 * 78 * 51 = 2609568  -->solution=51267216
42 * 36 * 29 * 83 = 3639384  -->solution=51267216
4 * 69 * 35 * 71 = 685860  -->solution=51267216


---------------------------------------------------------------------------------------------

8 * 49 * 31 * 23 = 24468444  -->solution=51267216
2 * 99 * 73 * 4 = 3298400  -->solution=51267216
22 * 40 * 55 * 60 = 1768425  -->solution=51267216
97 * 17 * 79 * 11 = 0  -->solution=51267216
38 * 81 * 14 * 42 = 227520  -->solution=51267216
15 * 18 * 29 * 69 = 0  -->solution=51267216
0 * 57 * 93 * 24 = 1435500  -->solution=51267216
40 * 60 * 71 * 68 = 1359288  -->solution=51267216
0 * 87 * 40 * 56 = 416415  -->solution=51267216
75 * 17 * 67 * 1 = 268800  -->solution=51267216
4 * 40 * 53 * 32 = 34826064  -->solution=51267216
5 * 98 * 88 * 56 = 6636448  -->solution=51267216
7 * 43 * 30 * 71 = 72864  -->solution=51267216
78 * 69 * 3 * 37 = 2304000  -->solution=51267216
52 * 48 * 49 * 2 = 51744  -->solution=51267216
12 * 4 * 13 * 36 = 17728984  -->solution=51267216
50 * 56 * 36 * 91 = 238576  -->solution=51267216

49 * 49 * 95 * 71 = 1909600  -->solution=51267216
49 * 31 * 23 * 51 = 3654745  -->solution=51267216
99 * 73 * 4 * 67 = 1639440  -->solution=51267216
40 * 55 * 60 * 63 = 403848  -->solution=51267216
17 * 79 * 11 * 89 = 2441880  -->solution=51267216
81 * 14 * 42 * 41 = 1282380  -->solution=51267216
18 * 29 * 69 * 92 = 21408786  -->solution=51267216
57 * 93 * 24 * 36 = 7412187  -->solution=51267216
60 * 71 * 68 * 54 = 1574400  -->solution=51267216
87 * 40 * 56 * 22 = 41076896  -->solution=51267216
17 * 67 * 1 * 40 = 4594464  -->solution=51267216
40 * 53 * 32 * 40 = 327888  -->solution=51267216
98 * 88 * 56 * 28 = 1013760  -->solution=51267216
43 * 30 * 71 * 66 = 26880  -->solution=51267216
69 * 3 * 37 * 33 = 7792960  -->solution=51267216
48 * 49 * 2 * 13 = 835016  -->solution=51267216
4 * 13 * 36 * 80 = 0  -->solution=51267216

81 * 70 * 16 * 60 = 5159640  -->solution=51267216
49 * 95 * 71 * 99 = 951280  -->solution=51267216
31 * 23 * 51 * 3 = 717952  -->solution=51267216
73 * 4 * 67 * 45 = 2570400  -->solution=51267216
55 * 60 * 63 * 2 = 2115927  -->solution=51267216
79 * 11 * 89 * 44 = 738234  -->solution=51267216
14 * 42 * 41 * 75 = 19620495  -->solution=51267216
29 * 69 * 92 * 33 = 78720  -->solution=51267216
93 * 24 * 36 * 53 = 18442688  -->solution=51267216
71 * 68 * 54 * 78 = 8013600  -->solution=51267216
40 * 56 * 22 * 36 = 156816  -->solution=51267216
67 * 1 * 40 * 84 = 1119360  -->solution=51267216
53 * 32 * 40 * 20 = 524160  -->solution=51267216
88 * 56 * 28 * 35 = 5009760  -->solution=51267216
30 * 71 * 66 * 17 = 1131312  -->solution=51267216
3 * 37 * 33 * 12 = 95040  -->solution=51267216
49 * 2 * 13 * 50 = 2702700  -->solution=51267216

52 * 31 * 32 * 28 = 553472  -->solution=51267216
70 * 16 * 60 * 64 = 890624  -->solution=51267216
95 * 71 * 99 * 23 = 14871600  -->solution=51267216
23 * 51 * 3 * 67 = 2042964  -->solution=51267216
4 * 67 * 45 * 10 = 508032  -->solution=51267216
60 * 63 * 2 * 26 = 6355935  -->solution=51267216
11 * 89 * 44 * 38 = 131856  -->solution=51267216
42 * 41 * 75 * 40 = 2752640  -->solution=51267216
69 * 92 * 33 * 67 = 3931200  -->solution=51267216
24 * 36 * 53 * 59 = 67716  -->solution=51267216
68 * 54 * 78 * 54 = 1492480  -->solution=51267216
56 * 22 * 36 * 70 = 11706240  -->solution=51267216
1 * 40 * 84 * 66 = 6032160  -->solution=51267216
32 * 40 * 20 * 18 = 4699296  -->solution=51267216
56 * 28 * 35 * 38 = 184800  -->solution=51267216
71 * 66 * 17 * 64 = 2744280  -->solution=51267216
37 * 33 * 12 * 70 = 361998  -->solution=51267216

22 * 47 * 81 * 68 = 14917952  -->solution=51267216
31 * 32 * 28 * 2 = 6444360  -->solution=51267216
16 * 60 * 64 * 62 = 3714480  -->solution=51267216
71 * 99 * 23 * 12 = 822528  -->solution=51267216
51 * 3 * 67 * 20 = 184230  -->solution=51267216
67 * 45 * 10 * 95 = 340628  -->solution=51267216
63 * 2 * 26 * 63 = 485760  -->solution=51267216
89 * 44 * 38 * 94 = 1404000  -->solution=51267216
41 * 75 * 40 * 39 = 6433020  -->solution=51267216
92 * 33 * 67 * 63 = 2938320  -->solution=51267216
36 * 53 * 59 * 8 = 19649760  -->solution=51267216
54 * 78 * 54 * 40 = 3313440  -->solution=51267216
22 * 36 * 70 * 91 = 8001504  -->solution=51267216
40 * 84 * 66 * 66 = 739200  -->solution=51267216
40 * 20 * 18 * 49 = 3049200  -->solution=51267216
28 * 35 * 38 * 94 = 361998  -->solution=51267216
66 * 17 * 64 * 21 = 2407680  -->solution=51267216

24 * 98 * 20 * 5 = 3032640  -->solution=51267216
47 * 81 * 68 * 66 = 3049200  -->solution=51267216
32 * 28 * 2 * 73 = 757248  -->solution=51267216
60 * 64 * 62 * 99 = 10350  -->solution=51267216
99 * 23 * 12 * 26 = 548328  -->solution=51267216
3 * 67 * 20 * 97 = 385440  -->solution=51267216
45 * 10 * 95 * 17 = 3861000  -->solution=51267216
2 * 26 * 63 * 78 = 3097380  -->solution=51267216
44 * 38 * 94 * 78 = 12955320  -->solution=51267216
75 * 40 * 39 * 96 = 8351148  -->solution=51267216
33 * 67 * 63 * 83 = 6461208  -->solution=51267216
53 * 59 * 8 * 14 = 22289904  -->solution=51267216
78 * 54 * 40 * 88 = 1075200  -->solution=51267216
36 * 70 * 91 * 34 = 7669200  -->solution=51267216
84 * 66 * 66 * 89 = 389844  -->solution=51267216
20 * 18 * 49 * 63 = 2648448  -->solution=51267216
35 * 38 * 94 * 72 = 5331200  -->solution=51267216

32 * 26 * 58 * 9 = 646800  -->solution=51267216
98 * 20 * 5 * 75 = 9086976  -->solution=51267216
81 * 68 * 66 * 0 = 5290  -->solution=51267216
28 * 2 * 73 * 76 = 2467476  -->solution=51267216
64 * 62 * 99 * 44 = 657000  -->solution=51267216
23 * 12 * 26 * 20 = 0  -->solution=51267216
67 * 20 * 97 * 45 = 7133360  -->solution=51267216
10 * 95 * 17 * 35 = 10755360  -->solution=51267216
26 * 63 * 78 * 14 = 2141320  -->solution=51267216
38 * 94 * 78 * 0 = 8076510  -->solution=51267216
40 * 39 * 96 * 61 = 9287460  -->solution=51267216
67 * 63 * 83 * 33 = 752640  -->solution=51267216
59 * 8 * 14 * 97 = 0  -->solution=51267216
54 * 40 * 88 * 34 = 1398852  -->solution=51267216
70 * 91 * 34 * 31 = 7283232  -->solution=51267216
66 * 66 * 89 * 33 = 10342528  -->solution=51267216
18 * 49 * 63 * 95 = 19911080  -->solution=51267216

67 * 55 * 23 * 28 = 11074752  -->solution=51267216
26 * 58 * 9 * 22 = 3910  -->solution=51267216
20 * 5 * 75 * 75 = 1951884  -->solution=51267216
68 * 66 * 0 * 31 = 1839600  -->solution=51267216
2 * 73 * 76 * 67 = 0  -->solution=51267216
62 * 99 * 44 * 15 = 14079000  -->solution=51267216
12 * 26 * 20 * 94 = 8335404  -->solution=51267216
20 * 97 * 45 * 3 = 2141320  -->solution=51267216
95 * 17 * 35 * 80 = 2053350  -->solution=51267216
63 * 78 * 14 * 4 = 16167060  -->solution=51267216
94 * 78 * 0 * 62 = 32256  -->solution=51267216
39 * 96 * 61 * 16 = 0  -->solution=51267216
63 * 83 * 33 * 14 = 310856  -->solution=51267216
8 * 14 * 97 * 9 = 11883168  -->solution=51267216
40 * 88 * 34 * 53 = 2585632  -->solution=51267216
91 * 34 * 31 * 56 = 3982216  -->solution=51267216
66 * 89 * 33 * 92 = 369117  -->solution=51267216

24 * 36 * 53 * 42 = 31280  -->solution=51267216
55 * 23 * 28 * 96 = 1227798  -->solution=51267216
58 * 9 * 22 * 35 = 766500  -->solution=51267216
5 * 75 * 75 * 31 = 0  -->solution=51267216
66 * 0 * 31 * 47 = 14227200  -->solution=51267216
73 * 76 * 67 * 55 = 4630780  -->solution=51267216
99 * 44 * 15 * 58 = 706180  -->solution=51267216
26 * 20 * 94 * 88 = 2474550  -->solution=51267216
97 * 45 * 3 * 24 = 14114100  -->solution=51267216
17 * 35 * 80 * 0 = 233856  -->solution=51267216
78 * 14 * 4 * 17 = 0  -->solution=51267216
78 * 0 * 62 * 54 = 81984  -->solution=51267216
96 * 61 * 16 * 24 = 0  -->solution=51267216
83 * 33 * 14 * 36 = 897056  -->solution=51267216
14 * 97 * 9 * 29 = 2287656  -->solution=51267216
88 * 34 * 53 * 85 = 421848  -->solution=51267216
34 * 31 * 56 * 57 = 4533408  -->solution=51267216

21 * 17 * 5 * 48 = 1599858  -->solution=51267216
36 * 53 * 42 * 35 = 588000  -->solution=51267216
23 * 28 * 96 * 71 = 0  -->solution=51267216
9 * 22 * 35 * 89 = 26265600  -->solution=51267216
75 * 75 * 31 * 7 = 1670900  -->solution=51267216
0 * 31 * 47 * 5 = 2949340  -->solution=51267216
76 * 67 * 55 * 44 = 2823525  -->solution=51267216
44 * 15 * 58 * 44 = 1266650  -->solution=51267216
20 * 94 * 88 * 37 = 12180  -->solution=51267216
45 * 3 * 24 * 44 = 0  -->solution=51267216
35 * 80 * 0 * 60 = 257664  -->solution=51267216
14 * 4 * 17 * 21 = 0  -->solution=51267216
0 * 62 * 54 * 58 = 1160896  -->solution=51267216
61 * 16 * 24 * 51 = 1542240  -->solution=51267216
33 * 14 * 36 * 54 = 140616  -->solution=51267216
97 * 9 * 29 * 17 = 3651912  -->solution=51267216
34 * 53 * 85 * 58 = 7868280  -->solution=51267216

78 * 39 * 0 * 68 = 148960  -->solution=51267216
17 * 5 * 48 * 5 = 0  -->solution=51267216
53 * 42 * 35 * 94 = 27993600  -->solution=51267216
28 * 96 * 71 * 47 = 2582300  -->solution=51267216
22 * 35 * 89 * 69 = 737335  -->solution=51267216
75 * 31 * 7 * 28 = 5898030  -->solution=51267216
31 * 47 * 5 * 73 = 1700930  -->solution=51267216
67 * 55 * 44 * 92 = 60030  -->solution=51267216
15 * 58 * 44 * 13 = 8673280  -->solution=51267216
94 * 88 * 37 * 86 = 308352  -->solution=51267216
3 * 24 * 44 * 52 = 0  -->solution=51267216
80 * 0 * 60 * 17 = 155584  -->solution=51267216
4 * 17 * 21 * 77 = 3900960  -->solution=51267216
62 * 54 * 58 * 4 = 235872  -->solution=51267216
16 * 24 * 51 * 89 = 1881288  -->solution=51267216
14 * 36 * 54 * 55 = 6377448  -->solution=51267216
9 * 29 * 17 * 40 = 1689120  -->solution=51267216

16 * 56 * 81 * 83 = 0  -->solution=51267216
39 * 0 * 68 * 97 = 19408896  -->solution=51267216
5 * 48 * 5 * 35 = 666400  -->solution=51267216
42 * 35 * 94 * 99 = 913415  -->solution=51267216
96 * 71 * 47 * 16 = 38140594  -->solution=51267216
35 * 89 * 69 * 7 = 633325  -->solution=51267216
31 * 7 * 28 * 97 = 1980990  -->solution=51267216
47 * 5 * 73 * 57 = 1734656  -->solution=51267216
55 * 44 * 92 * 32 = 539616  -->solution=51267216
58 * 44 * 13 * 16 = 0  -->solution=51267216
88 * 37 * 86 * 26 = 554268  -->solution=51267216
24 * 44 * 52 * 26 = 8916480  -->solution=51267216
0 * 60 * 17 * 79 = 419328  -->solution=51267216
17 * 21 * 77 * 33 = 922896  -->solution=51267216
54 * 58 * 4 * 27 = 2960958  -->solution=51267216
24 * 51 * 89 * 98 = 1450440  -->solution=51267216
36 * 54 * 55 * 66 = 2845953  -->solution=51267216

86 * 80 * 8 * 87 = 17791488  -->solution=51267216
56 * 81 * 83 * 57 = 685440  -->solution=51267216
0 * 68 * 97 * 62 = 2003620  -->solution=51267216
48 * 5 * 35 * 20 = 70600674  -->solution=51267216
35 * 94 * 99 * 72 = 656355  -->solution=70600674
71 * 47 * 16 * 3 = 2117610  -->solution=70600674
89 * 69 * 7 * 46 = 394240  -->solution=70600674
7 * 28 * 97 * 33 = 1618848  -->solution=70600674
5 * 73 * 57 * 67 = 990564  -->solution=70600674
44 * 92 * 32 * 46 = 1499784  -->solution=70600674
44 * 13 * 16 * 55 = 5448960  -->solution=70600674
37 * 86 * 26 * 12 = 1170624  -->solution=70600674
44 * 52 * 26 * 32 = 1179256  -->solution=70600674
60 * 17 * 79 * 63 = 5615610  -->solution=70600674
21 * 77 * 33 * 93 = 204768  -->solution=70600674
58 * 4 * 27 * 53 = 1597728  -->solution=70600674
51 * 89 * 98 * 69 = 5426190  -->solution=70600674

19 * 52 * 68 * 73 = 78336  -->solution=70600674
80 * 8 * 87 * 38 = 1185240  -->solution=70600674
81 * 83 * 57 * 25 = 12692256  -->solution=70600674
68 * 97 * 62 * 39 = 6844845  -->solution=70600674
5 * 35 * 20 * 11 = 16093836  -->solution=70600674
94 * 99 * 72 * 24 = 224000  -->solution=70600674
47 * 16 * 3 * 94 = 1434888  -->solution=70600674
69 * 7 * 46 * 72 = 294492  -->solution=70600674
28 * 97 * 33 * 18 = 818064  -->solution=70600674
73 * 57 * 67 * 8 = 8536704  -->solution=70600674
92 * 32 * 46 * 46 = 4013568  -->solution=70600674
13 * 16 * 55 * 29 = 365976  -->solution=70600674
86 * 26 * 12 * 32 = 880880  -->solution=70600674
52 * 26 * 32 * 40 = 174432  -->solution=70600674
17 * 79 * 63 * 62 = 2725536  -->solution=70600674
77 * 33 * 93 * 76 = 2993760  -->solution=70600674
4 * 27 * 53 * 36 = 14582400  -->solution=70600674

4 * 36 * 16 * 41 = 4740960  -->solution=70600674
52 * 68 * 73 * 72 = 9316656  -->solution=70600674
8 * 87 * 38 * 30 = 5242860  -->solution=70600674
83 * 57 * 25 * 23 = 9563004  -->solution=70600674
97 * 62 * 39 * 88 = 576000  -->solution=70600674
35 * 20 * 11 * 34 = 589680  -->solution=70600674
99 * 72 * 24 * 62 = 73623  -->solution=70600674
16 * 3 * 94 * 99 = 5537664  -->solution=70600674
7 * 46 * 72 * 69 = 3374976  -->solution=70600674
97 * 33 * 18 * 82 = 4785408  -->solution=70600674
57 * 67 * 8 * 67 = 2131272  -->solution=70600674
32 * 46 * 46 * 59 = 789360  -->solution=70600674
16 * 55 * 29 * 85 = 3575856  -->solution=70600674
26 * 12 * 32 * 74 = 2051808  -->solution=70600674
26 * 32 * 40 * 4 = 3211488  -->solution=70600674
79 * 63 * 62 * 36 = 30987600  -->solution=70600674
33 * 93 * 76 * 16 = 16048824  -->solution=70600674

88 * 42 * 36 * 29 = 1920960  -->solution=70600674
36 * 16 * 41 * 78 = 10935108  -->solution=70600674
68 * 73 * 72 * 31 = 3380860  -->solution=70600674
87 * 38 * 30 * 90 = 1044000  -->solution=70600674
57 * 25 * 23 * 1 = 6570720  -->solution=70600674
62 * 39 * 88 * 74 = 23529  -->solution=70600674
20 * 11 * 34 * 31 = 8743680  -->solution=70600674
72 * 24 * 62 * 49 = 105468  -->solution=70600674
3 * 94 * 99 * 71 = 22132512  -->solution=70600674
46 * 72 * 69 * 48 = 2541132  -->solution=70600674
33 * 18 * 82 * 86 = 1487640  -->solution=70600674
67 * 8 * 67 * 81 = 3213744  -->solution=70600674
46 * 46 * 59 * 16 = 2984448  -->solution=70600674
55 * 29 * 85 * 23 = 10229184  -->solution=70600674
12 * 32 * 74 * 57 = 25612200  -->solution=70600674
32 * 40 * 4 * 5 = 3890624  -->solution=70600674
63 * 62 * 36 * 54 = 482448  -->solution=70600674

4 * 69 * 35 * 71 = 191844  -->solution=70600674
42 * 36 * 29 * 83 = 3817100  -->solution=70600674
16 * 41 * 78 * 51 = 2818800  -->solution=70600674
73 * 72 * 31 * 54 = 6479460  -->solution=70600674
38 * 30 * 90 * 69 = 650969  -->solution=70600674
25 * 23 * 1 * 16 = 9694080  -->solution=70600674
39 * 88 * 74 * 92 = 172584  -->solution=70600674
11 * 34 * 31 * 33 = 22793184  -->solution=70600674
24 * 62 * 49 * 48 = 883872  -->solution=70600674
94 * 99 * 71 * 61 = 2488416  -->solution=70600674
72 * 69 * 48 * 43 = 8837796  -->solution=70600674
18 * 82 * 86 * 52 = 4476672  -->solution=70600674
8 * 67 * 81 * 1 = 9904448  -->solution=70600674
46 * 59 * 16 * 89 = 11842200  -->solution=70600674
29 * 85 * 23 * 19 = 3817216  -->solution=70600674
32 * 74 * 57 * 67 = 6992  -->solution=70600674
40 * 4 * 5 * 48 = 6574608  -->solution=70600674

70600674